[github.com/flipped-aurora/gin-vue-admin/server]2024-06-22 01:16:34.336	[34minfo[0m	C:/Users/pzj/Desktop/university code/code_resourse/Go/gin-vue-admin/server/initialize/router.go:61	register swagger handler
[github.com/flipped-aurora/gin-vue-admin/server]2024-06-22 01:16:34.341	[34minfo[0m	C:/Users/pzj/Desktop/university code/code_resourse/Go/gin-vue-admin/server/initialize/router.go:104	router register success
[github.com/flipped-aurora/gin-vue-admin/server]2024-06-22 01:16:34.342	[34minfo[0m	C:/Users/pzj/Desktop/university code/code_resourse/Go/gin-vue-admin/server/core/server.go:37	server run success on 	{"address": ":8888"}
[github.com/flipped-aurora/gin-vue-admin/server]2024-06-22 01:30:35.610	[34minfo[0m	C:/Users/pzj/Desktop/university code/code_resourse/Go/gin-vue-admin/server/initialize/router.go:61	register swagger handler
[github.com/flipped-aurora/gin-vue-admin/server]2024-06-22 01:30:35.616	[34minfo[0m	C:/Users/pzj/Desktop/university code/code_resourse/Go/gin-vue-admin/server/initialize/router.go:104	router register success
[github.com/flipped-aurora/gin-vue-admin/server]2024-06-22 01:30:35.617	[34minfo[0m	C:/Users/pzj/Desktop/university code/code_resourse/Go/gin-vue-admin/server/core/server.go:37	server run success on 	{"address": ":8888"}
[github.com/flipped-aurora/gin-vue-admin/server]2024-06-22 01:40:28.476	[34minfo[0m	C:/Users/pzj/Desktop/university code/code_resourse/Go/gin-vue-admin/server/initialize/router.go:61	register swagger handler
[github.com/flipped-aurora/gin-vue-admin/server]2024-06-22 01:40:28.483	[34minfo[0m	C:/Users/pzj/Desktop/university code/code_resourse/Go/gin-vue-admin/server/initialize/router.go:104	router register success
[github.com/flipped-aurora/gin-vue-admin/server]2024-06-22 01:40:28.484	[34minfo[0m	C:/Users/pzj/Desktop/university code/code_resourse/Go/gin-vue-admin/server/core/server.go:37	server run success on 	{"address": ":8888"}
[github.com/flipped-aurora/gin-vue-admin/server]2024-06-22 01:41:19.229	[34minfo[0m	C:/Users/pzj/Desktop/university code/code_resourse/Go/gin-vue-admin/server/api/v1/system/sys_initdb.go:57	å‰å¾€åˆå§‹åŒ–æ•°æ®åº“
[github.com/flipped-aurora/gin-vue-admin/server]2024-06-22 01:47:11.466	[34minfo[0m	C:/Users/pzj/Desktop/university code/code_resourse/Go/gin-vue-admin/server/initialize/router.go:61	register swagger handler
[github.com/flipped-aurora/gin-vue-admin/server]2024-06-22 01:47:11.470	[34minfo[0m	C:/Users/pzj/Desktop/university code/code_resourse/Go/gin-vue-admin/server/initialize/router.go:104	router register success
[github.com/flipped-aurora/gin-vue-admin/server]2024-06-22 01:47:11.471	[34minfo[0m	C:/Users/pzj/Desktop/university code/code_resourse/Go/gin-vue-admin/server/core/server.go:37	server run success on 	{"address": ":8888"}
[github.com/flipped-aurora/gin-vue-admin/server]2024-06-22 01:48:26.284	[34minfo[0m	C:/Users/pzj/Desktop/university code/code_resourse/Go/gin-vue-admin/server/initialize/router.go:61	register swagger handler
[github.com/flipped-aurora/gin-vue-admin/server]2024-06-22 01:48:26.287	[34minfo[0m	C:/Users/pzj/Desktop/university code/code_resourse/Go/gin-vue-admin/server/initialize/router.go:104	router register success
[github.com/flipped-aurora/gin-vue-admin/server]2024-06-22 01:48:26.287	[34minfo[0m	C:/Users/pzj/Desktop/university code/code_resourse/Go/gin-vue-admin/server/core/server.go:37	server run success on 	{"address": ":8888"}
[github.com/flipped-aurora/gin-vue-admin/server]2024-06-22 01:48:26.904	[34minfo[0m	C:/Users/pzj/Desktop/university code/code_resourse/Go/gin-vue-admin/server/initialize/router.go:61	register swagger handler
[github.com/flipped-aurora/gin-vue-admin/server]2024-06-22 01:48:26.906	[34minfo[0m	C:/Users/pzj/Desktop/university code/code_resourse/Go/gin-vue-admin/server/initialize/router.go:104	router register success
[github.com/flipped-aurora/gin-vue-admin/server]2024-06-22 01:48:26.906	[34minfo[0m	C:/Users/pzj/Desktop/university code/code_resourse/Go/gin-vue-admin/server/core/server.go:37	server run success on 	{"address": ":8888"}
[github.com/flipped-aurora/gin-vue-admin/server]2024-06-22 01:48:55.959	[34minfo[0m	C:/Users/pzj/Desktop/university code/code_resourse/Go/gin-vue-admin/server/initialize/router.go:61	register swagger handler
[github.com/flipped-aurora/gin-vue-admin/server]2024-06-22 01:48:55.961	[34minfo[0m	C:/Users/pzj/Desktop/university code/code_resourse/Go/gin-vue-admin/server/initialize/router.go:104	router register success
[github.com/flipped-aurora/gin-vue-admin/server]2024-06-22 01:48:55.962	[34minfo[0m	C:/Users/pzj/Desktop/university code/code_resourse/Go/gin-vue-admin/server/core/server.go:37	server run success on 	{"address": ":8888"}
[github.com/flipped-aurora/gin-vue-admin/server]2024-06-22 01:49:17.521	[34minfo[0m	C:/Users/pzj/Desktop/university code/code_resourse/Go/gin-vue-admin/server/api/v1/system/sys_initdb.go:57	å‰å¾€åˆå§‹åŒ–æ•°æ®åº“
[github.com/flipped-aurora/gin-vue-admin/server]2024-06-22 02:09:08.692	[34minfo[0m	C:/Users/pzj/Desktop/university code/code_resourse/Go/gin-vue-admin/server/initialize/router.go:61	register swagger handler
[github.com/flipped-aurora/gin-vue-admin/server]2024-06-22 02:09:08.696	[34minfo[0m	C:/Users/pzj/Desktop/university code/code_resourse/Go/gin-vue-admin/server/initialize/router.go:104	router register success
[github.com/flipped-aurora/gin-vue-admin/server]2024-06-22 02:09:08.697	[34minfo[0m	C:/Users/pzj/Desktop/university code/code_resourse/Go/gin-vue-admin/server/core/server.go:37	server run success on 	{"address": ":8888"}
[github.com/flipped-aurora/gin-vue-admin/server]2024-06-22 02:09:17.589	[34minfo[0m	C:/Users/pzj/Desktop/university code/code_resourse/Go/gin-vue-admin/server/initialize/router.go:61	register swagger handler
[github.com/flipped-aurora/gin-vue-admin/server]2024-06-22 02:09:17.592	[34minfo[0m	C:/Users/pzj/Desktop/university code/code_resourse/Go/gin-vue-admin/server/initialize/router.go:104	router register success
[github.com/flipped-aurora/gin-vue-admin/server]2024-06-22 02:09:17.593	[34minfo[0m	C:/Users/pzj/Desktop/university code/code_resourse/Go/gin-vue-admin/server/core/server.go:37	server run success on 	{"address": ":8888"}
[github.com/flipped-aurora/gin-vue-admin/server]2024-06-22 02:09:21.467	[34minfo[0m	C:/Users/pzj/Desktop/university code/code_resourse/Go/gin-vue-admin/server/initialize/router.go:61	register swagger handler
[github.com/flipped-aurora/gin-vue-admin/server]2024-06-22 02:09:21.470	[34minfo[0m	C:/Users/pzj/Desktop/university code/code_resourse/Go/gin-vue-admin/server/initialize/router.go:104	router register success
[github.com/flipped-aurora/gin-vue-admin/server]2024-06-22 02:09:21.470	[34minfo[0m	C:/Users/pzj/Desktop/university code/code_resourse/Go/gin-vue-admin/server/core/server.go:37	server run success on 	{"address": ":8888"}
[github.com/flipped-aurora/gin-vue-admin/server]2024-06-22 02:10:20.879	[34minfo[0m	C:/Users/pzj/Desktop/university code/code_resourse/Go/gin-vue-admin/server/initialize/router.go:61	register swagger handler
[github.com/flipped-aurora/gin-vue-admin/server]2024-06-22 02:10:20.881	[34minfo[0m	C:/Users/pzj/Desktop/university code/code_resourse/Go/gin-vue-admin/server/initialize/router.go:104	router register success
[github.com/flipped-aurora/gin-vue-admin/server]2024-06-22 02:10:20.882	[34minfo[0m	C:/Users/pzj/Desktop/university code/code_resourse/Go/gin-vue-admin/server/core/server.go:37	server run success on 	{"address": ":8888"}
[github.com/flipped-aurora/gin-vue-admin/server]2024-06-22 02:11:00.106	[34minfo[0m	C:/Users/pzj/Desktop/university code/code_resourse/Go/gin-vue-admin/server/api/v1/system/sys_initdb.go:57	å‰å¾€åˆå§‹åŒ–æ•°æ®åº“
[github.com/flipped-aurora/gin-vue-admin/server]2024-06-22 02:44:11.120	[34minfo[0m	C:/Users/pzj/Desktop/university code/code_resourse/Go/gin-vue-admin/server/initialize/router.go:61	register swagger handler
[github.com/flipped-aurora/gin-vue-admin/server]2024-06-22 02:44:11.122	[34minfo[0m	C:/Users/pzj/Desktop/university code/code_resourse/Go/gin-vue-admin/server/initialize/router.go:104	router register success
[github.com/flipped-aurora/gin-vue-admin/server]2024-06-22 02:44:11.122	[34minfo[0m	C:/Users/pzj/Desktop/university code/code_resourse/Go/gin-vue-admin/server/core/server.go:37	server run success on 	{"address": ":8888"}
[github.com/flipped-aurora/gin-vue-admin/server]2024-06-22 02:45:16.647	[34minfo[0m	C:/Users/pzj/Desktop/university code/code_resourse/Go/gin-vue-admin/server/initialize/router.go:61	register swagger handler
[github.com/flipped-aurora/gin-vue-admin/server]2024-06-22 02:45:16.648	[34minfo[0m	C:/Users/pzj/Desktop/university code/code_resourse/Go/gin-vue-admin/server/initialize/router.go:104	router register success
[github.com/flipped-aurora/gin-vue-admin/server]2024-06-22 02:45:16.649	[34minfo[0m	C:/Users/pzj/Desktop/university code/code_resourse/Go/gin-vue-admin/server/core/server.go:37	server run success on 	{"address": ":8888"}
[github.com/flipped-aurora/gin-vue-admin/server]2024-06-22 02:45:20.716	[34minfo[0m	C:/Users/pzj/Desktop/university code/code_resourse/Go/gin-vue-admin/server/initialize/router.go:61	register swagger handler
[github.com/flipped-aurora/gin-vue-admin/server]2024-06-22 02:45:20.732	[34minfo[0m	C:/Users/pzj/Desktop/university code/code_resourse/Go/gin-vue-admin/server/initialize/router.go:104	router register success
[github.com/flipped-aurora/gin-vue-admin/server]2024-06-22 02:45:20.732	[34minfo[0m	C:/Users/pzj/Desktop/university code/code_resourse/Go/gin-vue-admin/server/core/server.go:37	server run success on 	{"address": ":8888"}
[github.com/flipped-aurora/gin-vue-admin/server]2024-06-22 02:45:53.786	[34minfo[0m	C:/Users/pzj/Desktop/university code/code_resourse/Go/gin-vue-admin/server/api/v1/system/sys_initdb.go:57	å‰å¾€åˆå§‹åŒ–æ•°æ®åº“
[github.com/flipped-aurora/gin-vue-admin/server]2024-06-22 02:58:58.872	[34minfo[0m	C:/Users/pzj/Desktop/university code/code_resourse/Go/gin-vue-admin/server/initialize/router.go:61	register swagger handler
[github.com/flipped-aurora/gin-vue-admin/server]2024-06-22 02:58:58.877	[34minfo[0m	C:/Users/pzj/Desktop/university code/code_resourse/Go/gin-vue-admin/server/initialize/router.go:104	router register success
[github.com/flipped-aurora/gin-vue-admin/server]2024-06-22 02:58:58.877	[34minfo[0m	C:/Users/pzj/Desktop/university code/code_resourse/Go/gin-vue-admin/server/core/server.go:37	server run success on 	{"address": ":8888"}
[github.com/flipped-aurora/gin-vue-admin/server]2024-06-22 03:03:39.653	[34minfo[0m	C:/Users/pzj/Desktop/university code/code_resourse/Go/gin-vue-admin/server/initialize/router.go:61	register swagger handler
[github.com/flipped-aurora/gin-vue-admin/server]2024-06-22 03:03:39.656	[34minfo[0m	C:/Users/pzj/Desktop/university code/code_resourse/Go/gin-vue-admin/server/initialize/router.go:104	router register success
[github.com/flipped-aurora/gin-vue-admin/server]2024-06-22 03:03:39.656	[34minfo[0m	C:/Users/pzj/Desktop/university code/code_resourse/Go/gin-vue-admin/server/core/server.go:37	server run success on 	{"address": ":8888"}
[github.com/flipped-aurora/gin-vue-admin/server]2024-06-22 03:03:40.260	[34minfo[0m	C:/Users/pzj/Desktop/university code/code_resourse/Go/gin-vue-admin/server/initialize/router.go:61	register swagger handler
[github.com/flipped-aurora/gin-vue-admin/server]2024-06-22 03:03:40.262	[34minfo[0m	C:/Users/pzj/Desktop/university code/code_resourse/Go/gin-vue-admin/server/initialize/router.go:104	router register success
[github.com/flipped-aurora/gin-vue-admin/server]2024-06-22 03:03:40.263	[34minfo[0m	C:/Users/pzj/Desktop/university code/code_resourse/Go/gin-vue-admin/server/core/server.go:37	server run success on 	{"address": ":8888"}
[github.com/flipped-aurora/gin-vue-admin/server]2024-06-22 03:03:57.974	[34minfo[0m	C:/Users/pzj/Desktop/university code/code_resourse/Go/gin-vue-admin/server/api/v1/system/sys_initdb.go:57	å‰å¾€åˆå§‹åŒ–æ•°æ®åº“
[github.com/flipped-aurora/gin-vue-admin/server]2024-06-22 03:06:07.587	[34minfo[0m	C:/Users/pzj/Desktop/university code/code_resourse/Go/gin-vue-admin/server/initialize/gorm.go:63	register table success
[github.com/flipped-aurora/gin-vue-admin/server]2024-06-22 03:06:07.588	[34minfo[0m	C:/Users/pzj/Desktop/university code/code_resourse/Go/gin-vue-admin/server/initialize/router.go:61	register swagger handler
[github.com/flipped-aurora/gin-vue-admin/server]2024-06-22 03:06:07.590	[34minfo[0m	C:/Users/pzj/Desktop/university code/code_resourse/Go/gin-vue-admin/server/initialize/router.go:104	router register success
[github.com/flipped-aurora/gin-vue-admin/server]2024-06-22 03:06:07.591	[34minfo[0m	C:/Users/pzj/Desktop/university code/code_resourse/Go/gin-vue-admin/server/core/server.go:37	server run success on 	{"address": ":8888"}
